<?xml version="1.0" encoding="UTF-8"?>
<testsuite name="com.java.learning.AmountLimit" tests="2" skipped="0" failures="0" errors="0" timestamp="2020-08-28T15:34:32" hostname="Anuragps-MacBook-Pro.local" time="0.0">
  <properties/>
  <testcase name="CheckForValidAmount" classname="com.java.learning.AmountLimit" time="0.0"/>
  <testcase name="CheckAmountLimit" classname="com.java.learning.AmountLimit" time="0.0"/>
  <system-out><![CDATA[]]></system-out>
  <system-err><![CDATA[]]></system-err>
</testsuite>
