<?xml version="1.0" encoding="UTF-8"?>
<testsuite name="com.java.learning.TestGreeting" tests="1" skipped="0" failures="0" errors="0" timestamp="2020-08-29T07:48:27" hostname="Anuragps-MacBook-Pro.local" time="0.001">
  <properties/>
  <testcase name="TestGreet" classname="com.java.learning.TestGreeting" time="0.001"/>
  <system-out><![CDATA[]]></system-out>
  <system-err><![CDATA[]]></system-err>
</testsuite>
